{"total": {"lines":{"total":100,"covered":68,"skipped":0,"pct":68},"statements":{"total":100,"covered":68,"skipped":0,"pct":68},"functions":{"total":25,"covered":19,"skipped":0,"pct":76},"branches":{"total":7,"covered":3,"skipped":0,"pct":42.85},"branchesTrue":{"total":0,"covered":0,"skipped":0,"pct":100}}
,"/home/paras/Desktop/TODO_app_Nodejs/server/index.js": {"lines":{"total":18,"covered":15,"skipped":0,"pct":83.33},"functions":{"total":2,"covered":1,"skipped":0,"pct":50},"statements":{"total":18,"covered":15,"skipped":0,"pct":83.33},"branches":{"total":4,"covered":2,"skipped":0,"pct":50}}
,"/home/paras/Desktop/TODO_app_Nodejs/server/data/mongo.js": {"lines":{"total":11,"covered":8,"skipped":0,"pct":72.72},"functions":{"total":3,"covered":2,"skipped":0,"pct":66.66},"statements":{"total":11,"covered":8,"skipped":0,"pct":72.72},"branches":{"total":2,"covered":1,"skipped":0,"pct":50}}
,"/home/paras/Desktop/TODO_app_Nodejs/server/data/utils.js": {"lines":{"total":25,"covered":15,"skipped":0,"pct":60},"functions":{"total":5,"covered":5,"skipped":0,"pct":100},"statements":{"total":25,"covered":15,"skipped":0,"pct":60},"branches":{"total":0,"covered":0,"skipped":0,"pct":100}}
,"/home/paras/Desktop/TODO_app_Nodejs/server/routes/index.js": {"lines":{"total":7,"covered":7,"skipped":0,"pct":100},"functions":{"total":1,"covered":1,"skipped":0,"pct":100},"statements":{"total":7,"covered":7,"skipped":0,"pct":100},"branches":{"total":0,"covered":0,"skipped":0,"pct":100}}
,"/home/paras/Desktop/TODO_app_Nodejs/server/routes/taskRoute.js": {"lines":{"total":31,"covered":17,"skipped":0,"pct":54.83},"functions":{"total":10,"covered":7,"skipped":0,"pct":70},"statements":{"total":31,"covered":17,"skipped":0,"pct":54.83},"branches":{"total":0,"covered":0,"skipped":0,"pct":100}}
,"/home/paras/Desktop/TODO_app_Nodejs/server/utils/apiUtils.js": {"lines":{"total":6,"covered":4,"skipped":0,"pct":66.66},"functions":{"total":2,"covered":1,"skipped":0,"pct":50},"statements":{"total":6,"covered":4,"skipped":0,"pct":66.66},"branches":{"total":1,"covered":0,"skipped":0,"pct":0}}
,"/home/paras/Desktop/TODO_app_Nodejs/server/utils/logger.js": {"lines":{"total":0,"covered":0,"skipped":0,"pct":100},"functions":{"total":0,"covered":0,"skipped":0,"pct":100},"statements":{"total":0,"covered":0,"skipped":0,"pct":100},"branches":{"total":0,"covered":0,"skipped":0,"pct":100}}
,"/home/paras/Desktop/TODO_app_Nodejs/server/utils/mongoURI.js": {"lines":{"total":2,"covered":2,"skipped":0,"pct":100},"functions":{"total":2,"covered":2,"skipped":0,"pct":100},"statements":{"total":2,"covered":2,"skipped":0,"pct":100},"branches":{"total":0,"covered":0,"skipped":0,"pct":100}}
}
