TN:
SF:server/index.js
FN:31,(anonymous_0)
FN:37,(anonymous_1)
FNF:2
FNH:1
FNDA:1,(anonymous_0)
FNDA:0,(anonymous_1)
DA:12,2
DA:14,2
DA:18,2
DA:20,2
DA:22,2
DA:23,2
DA:24,2
DA:25,2
DA:26,2
DA:27,2
DA:29,2
DA:31,2
DA:32,1
DA:35,2
DA:36,0
DA:37,0
DA:38,0
DA:41,2
LF:18
LH:15
BRDA:20,0,0,2
BRDA:20,0,1,0
BRDA:35,1,0,0
BRDA:35,1,1,2
BRF:4
BRH:2
end_of_record
TN:
SF:server/data/mongo.js
FN:5,(anonymous_0)
FN:13,(anonymous_1)
FN:16,(anonymous_2)
FNF:3
FNH:2
FNDA:2,(anonymous_0)
FNDA:0,(anonymous_1)
FNDA:2,(anonymous_2)
DA:5,2
DA:7,2
DA:8,0
DA:9,0
DA:11,2
DA:12,2
DA:13,2
DA:14,0
DA:16,2
DA:17,2
DA:23,2
LF:11
LH:8
BRDA:7,0,0,0
BRDA:7,0,1,2
BRF:2
BRH:1
end_of_record
TN:
SF:server/data/utils.js
FN:1,(anonymous_0)
FN:10,(anonymous_1)
FN:19,(anonymous_2)
FN:28,(anonymous_3)
FN:37,(anonymous_4)
FNF:5
FNH:5
FNDA:1,(anonymous_0)
FNDA:1,(anonymous_1)
FNDA:1,(anonymous_2)
FNDA:1,(anonymous_3)
FNDA:1,(anonymous_4)
DA:1,3
DA:2,1
DA:3,1
DA:5,0
DA:6,0
DA:10,3
DA:11,1
DA:12,1
DA:14,0
DA:15,0
DA:19,3
DA:20,1
DA:21,1
DA:23,0
DA:24,0
DA:28,3
DA:29,1
DA:30,1
DA:32,0
DA:33,0
DA:37,3
DA:38,1
DA:39,1
DA:41,0
DA:42,0
LF:25
LH:15
BRF:0
BRH:0
end_of_record
TN:
SF:server/routes/index.js
FN:11,(anonymous_0)
FNF:1
FNH:1
FNDA:2,(anonymous_0)
DA:12,2
DA:13,2
DA:14,2
DA:15,2
DA:16,2
DA:17,2
DA:18,2
LF:7
LH:7
BRF:0
BRH:0
end_of_record
TN:
SF:server/routes/taskRoute.js
FN:14,(anonymous_0)
FN:15,(anonymous_1)
FN:24,(anonymous_2)
FN:25,(anonymous_3)
FN:34,(anonymous_4)
FN:35,(anonymous_5)
FN:44,(anonymous_6)
FN:45,(anonymous_7)
FN:58,(anonymous_8)
FN:59,(anonymous_9)
FNF:10
FNH:7
FNDA:2,(anonymous_0)
FNDA:2,(anonymous_1)
FNDA:2,(anonymous_2)
FNDA:1,(anonymous_3)
FNDA:2,(anonymous_4)
FNDA:0,(anonymous_5)
FNDA:2,(anonymous_6)
FNDA:0,(anonymous_7)
FNDA:2,(anonymous_8)
FNDA:0,(anonymous_9)
DA:12,2
DA:14,2
DA:15,2
DA:16,2
DA:17,2
DA:18,2
DA:20,0
DA:24,2
DA:25,2
DA:26,1
DA:27,1
DA:28,1
DA:30,0
DA:34,2
DA:35,2
DA:36,0
DA:37,0
DA:38,0
DA:40,0
DA:44,2
DA:45,2
DA:46,0
DA:47,0
DA:52,0
DA:54,0
DA:58,2
DA:59,2
DA:60,0
DA:61,0
DA:65,0
DA:67,0
LF:31
LH:17
BRF:0
BRH:0
end_of_record
TN:
SF:server/utils/apiUtils.js
FN:1,(anonymous_0)
FN:6,(anonymous_1)
FNF:2
FNH:1
FNDA:4,(anonymous_0)
FNDA:0,(anonymous_1)
DA:1,2
DA:2,4
DA:3,4
DA:6,2
DA:7,0
DA:8,0
LF:6
LH:4
BRDA:6,0,0,0
BRF:1
BRH:0
end_of_record
TN:
SF:server/utils/logger.js
FNF:0
FNH:0
LF:0
LH:0
BRF:0
BRH:0
end_of_record
TN:
SF:server/utils/mongoURI.js
FN:7,getMongoOptions
FN:14,getMongoUri
FNF:2
FNH:2
FNDA:4,getMongoOptions
FNDA:4,getMongoUri
DA:8,4
DA:15,4
LF:2
LH:2
BRF:0
BRH:0
end_of_record
